#-----------------------------------------------------------
# PlanAhead v14.7 (64-bit)
# Build 321239 by xbuild on Fri Sep 27 19:29:51 MDT 2013
# Start of session at: Wed Oct 14 10:32:32 2020
# Process ID: 1948
# Log file: C:/Users/prestamo/Desktop/Nueva carpeta/Comparador/planAhead_run_2/planAhead.log
# Journal file: C:/Users/prestamo/Desktop/Nueva carpeta/Comparador/planAhead_run_2/planAhead.jou
#-----------------------------------------------------------
INFO: [Common 17-78] Attempting to get a license: PlanAhead
INFO: [Common 17-290] Got license for PlanAhead
INFO: [Common 17-86] Your PlanAhead license expires in -2479 day(s)
INFO: [Device 21-36] Loading parts and site information from C:/Xilinx/14.7/ISE_DS/PlanAhead/data/parts/arch.xml
Parsing RTL primitives file [C:/Xilinx/14.7/ISE_DS/PlanAhead/data/parts/xilinx/rtl/prims/rtl_prims.xml]
Finished parsing RTL primitives file [C:/Xilinx/14.7/ISE_DS/PlanAhead/data/parts/xilinx/rtl/prims/rtl_prims.xml]
start_gui
source {C:/Users/prestamo/Desktop/Nueva carpeta/Comparador/pa.fromHdl.tcl}
# create_project -name Comparador -dir "C:/Users/prestamo/Desktop/Nueva carpeta/Comparador/planAhead_run_2" -part xc3s500efg320-4
# set_param project.pinAheadLayout yes
# set srcset [get_property srcset [current_run -impl]]
# set_property target_constrs_file "Comp.ucf" [current_fileset -constrset]
Adding file 'C:/Users/prestamo/Desktop/Nueva carpeta/Comparador/Comp.ucf' to fileset 'constrs_1'
# set hdlfile [add_files [list {Comp.vhd}]]
# set_property file_type VHDL $hdlfile
# set_property library work $hdlfile
# set_property top Comp $srcset
# add_files [list {Comp.ucf}] -fileset [get_property constrset [current_run]]
# open_rtl_design -part xc3s500efg320-4
Using Verific elaboration
Parsing VHDL file "C:/Xilinx/14.7/ISE_DS/PlanAhead/data/parts/xilinx/rtl/lib/synplify/synattr.vhd" into library synplify
Parsing VHDL file "C:/Xilinx/14.7/ISE_DS/PlanAhead/data/parts/xilinx/rtl/lib/synplify/synattr.vhd" into library synplify
Parsing VHDL file "C:/Users/prestamo/Desktop/Nueva carpeta/Comparador/Comp.vhd" into library work
INFO: [Designutils 20-910] Reading macro library C:/Xilinx/14.7/ISE_DS/PlanAhead/data\./parts/xilinx/spartan3e/spartan3e/hd_int_macros.edn
Parsing EDIF File [C:/Xilinx/14.7/ISE_DS/PlanAhead/data\./parts/xilinx/spartan3e/spartan3e/hd_int_macros.edn]
Finished Parsing EDIF File [C:/Xilinx/14.7/ISE_DS/PlanAhead/data\./parts/xilinx/spartan3e/spartan3e/hd_int_macros.edn]
Loading clock regions from C:/Xilinx/14.7/ISE_DS/PlanAhead/data\parts/xilinx/spartan3e/spartan3e/xc3s500e/ClockRegion.xml
Loading clock buffers from C:/Xilinx/14.7/ISE_DS/PlanAhead/data\parts/xilinx/spartan3e/spartan3e/xc3s500e/ClockBuffers.xml
Loading package from C:/Xilinx/14.7/ISE_DS/PlanAhead/data\parts/xilinx/spartan3e/spartan3e/xc3s500e/fg320/Package.xml
Loading io standards from C:/Xilinx/14.7/ISE_DS/PlanAhead/data\./parts/xilinx/spartan3e/IOStandards.xml
INFO: [Device 21-19] Loading pkg sso from C:/Xilinx/14.7/ISE_DS/PlanAhead/data\parts/xilinx/spartan3e/spartan3e/xc3s500e/fg320/SSORules.xml
Loading list of drcs for the architecture : C:/Xilinx/14.7/ISE_DS/PlanAhead/data\./parts/xilinx/spartan3e/spartan3e/drc.xml
INFO: [Timing 38-77] Reading timing library C:/Xilinx/14.7/ISE_DS/PlanAhead/data\parts/xilinx/spartan3e/spartan3e/spartan3e-4.lib.
INFO: [Timing 38-34] Done reading timing library C:/Xilinx/14.7/ISE_DS/PlanAhead/data\parts/xilinx/spartan3e/spartan3e/spartan3e-4.lib.
Parsing UCF File [C:/Users/prestamo/Desktop/Nueva carpeta/Comparador/Comp.ucf]
Finished Parsing UCF File [C:/Users/prestamo/Desktop/Nueva carpeta/Comparador/Comp.ucf]
INFO: [Project 1-111] Unisim Transformation Summary:
No Unisim elements were transformed.

Phase 0 | Netlist Checksum: 65dfcbc9
open_rtl_design: Time (s): elapsed = 00:00:06 . Memory (MB): peak = 563.027 ; gain = 139.988
update_compile_order -fileset sim_1
set_property iostandard LVCMOS25 [get_ports [list A1]]
set_property iostandard LVTTL [get_ports [list A0]]
set_property package_pin "" [get_ports [list  A0]]
set_property iostandard LVTTL [get_ports [list A1]]
set_property iostandard LVTTL [get_ports [list B0]]
set_property iostandard LVTTL [get_ports [list B1]]
set_property iostandard LVTTL [get_ports [list Igual]]
set_property iostandard LVTTL [get_ports [list Mayor]]
set_property iostandard LVTTL [get_ports [list Menor]]
set_property pulltype PULLUP [get_ports [list Igual]]
set_property pulltype PULLUP [get_ports [list Mayor]]
set_property pulltype PULLUP [get_ports [list Menor]]
set_property package_pin "" [get_ports [list  A0]]
startgroup
set_property package_pin N17 [get_ports A0]
endgroup
startgroup
set_property package_pin H18 [get_ports A1]
endgroup
startgroup
set_property package_pin L14 [get_ports B0]
endgroup
startgroup
set_property package_pin L13 [get_ports B1]
endgroup
set_property package_pin "" [get_ports [list  Igual]]
startgroup
set_property package_pin D5 [get_ports Mayor]
endgroup
startgroup
set_property package_pin B4 [get_ports Igual]
endgroup
startgroup
set_property package_pin F7 [get_ports Menor]
endgroup
save_constraints
exit
ERROR: [PlanAhead 12-106] *** Exception: ui.h.b: Found deleted key in HTclEventBroker. Verify if the classes listed here call cleanup()
HTclEvent: SIGNAL_BUS_MODIFY   Classes: ui.views.aR 
HTclEvent: DEBUG_PORT_CONFIG_CHANGE   Classes: ui.views.aR 
HTclEvent: SIGNAL_MODIFY   Classes: ui.views.aR 
HTclEvent: DEBUG_CORE_CONFIG_CHANGE   Classes: ui.views.aR 
 (See C:/Users/prestamo/Desktop/Nueva carpeta/Comparador\planAhead_pid1948.debug)
ERROR: [Common 17-39] 'stop_gui' failed due to earlier errors.
INFO: [Common 17-206] Exiting PlanAhead at Wed Oct 14 10:40:37 2020...
INFO: [Common 17-83] Releasing license: PlanAhead
